-------------------------------------------------
mardi 15 décembre 2015, 11:54:03 (UTC+0100)
fs.js:794
  return binding.mkdir(pathModule._makeLong(path),
                 ^

Error: ENOENT: no such file or directory, mkdir 'www/txat/www/txat/scripts/Txat/addons/avatar/images/avatars'
    at Error (native)
    at Object.fs.mkdirSync (fs.js:794:18)
    at O2.extendClass.init (/var/www/txat/txat-server/node_modules/txat/node_modules/plugins/AvatarPlugin.js:42:13)
    at O2.createClass.addPlugin (/var/www/txat/txat-server/node_modules/mediator/Mediator.js:49:12)
    at O2.createClass.initPlugins (/var/www/txat/txat-server/node_modules/txat/System.js:58:6)
    at O2.createClass.configure (/var/www/txat/txat-server/node_modules/txat/System.js:32:8)
    at Object.txatInit [as init] (/var/www/txat/txat-server/node_modules/txat/index.js:26:8)
    at main (/var/www/txat/txat-server/index.js:48:14)
    at Object.<anonymous> (/var/www/txat/txat-server/index.js:56:1)
    at Module._compile (module.js:435:26)
-------------------------------------------------
mardi 15 décembre 2015, 11:55:32 (UTC+0100)
fs.js:794
  return binding.mkdir(pathModule._makeLong(path),
                 ^

Error: ENOENT: no such file or directory, mkdir 'www/txat/www/txat/scripts/Txat/addons/avatar/images/avatars'
    at Error (native)
    at Object.fs.mkdirSync (fs.js:794:18)
    at O2.extendClass.init (/var/www/txat/txat-server/node_modules/txat/node_modules/plugins/AvatarPlugin.js:42:13)
    at O2.createClass.addPlugin (/var/www/txat/txat-server/node_modules/mediator/Mediator.js:49:12)
    at O2.createClass.initPlugins (/var/www/txat/txat-server/node_modules/txat/System.js:58:6)
    at O2.createClass.configure (/var/www/txat/txat-server/node_modules/txat/System.js:32:8)
    at Object.txatInit [as init] (/var/www/txat/txat-server/node_modules/txat/index.js:26:8)
    at main (/var/www/txat/txat-server/index.js:48:14)
    at Object.<anonymous> (/var/www/txat/txat-server/index.js:56:1)
    at Module._compile (module.js:435:26)
-------------------------------------------------
mardi 15 décembre 2015, 11:55:41 (UTC+0100)
fs.js:794
  return binding.mkdir(pathModule._makeLong(path),
                 ^

Error: ENOENT: no such file or directory, mkdir 'www/txat/www/txat/scripts/Txat/addons/avatar/images/avatars'
    at Error (native)
    at Object.fs.mkdirSync (fs.js:794:18)
    at O2.extendClass.init (/var/www/txat/txat-server/node_modules/txat/node_modules/plugins/AvatarPlugin.js:42:13)
    at O2.createClass.addPlugin (/var/www/txat/txat-server/node_modules/mediator/Mediator.js:49:12)
    at O2.createClass.initPlugins (/var/www/txat/txat-server/node_modules/txat/System.js:58:6)
    at O2.createClass.configure (/var/www/txat/txat-server/node_modules/txat/System.js:32:8)
    at Object.txatInit [as init] (/var/www/txat/txat-server/node_modules/txat/index.js:26:8)
    at main (/var/www/txat/txat-server/index.js:48:14)
    at Object.<anonymous> (/var/www/txat/txat-server/index.js:56:1)
    at Module._compile (module.js:435:26)
-------------------------------------------------
mercredi 16 décembre 2015, 09:29:27 (UTC+0100)
fs.js:60
      throw err;  // Forgot a callback but don't know where? Use NODE_DEBUG=fs
      ^

Error: ENOENT: no such file or directory, unlink 'upref.storage/kenshiro/avatarImage'
    at Error (native)
-------------------------------------------------
jeudi 17 décembre 2015, 11:35:50 (UTC+0100)
[2015-12-17T10:35:15.816Z] http error 404 - Not found : /txat/scripts/Txat/addons/avatar/images/avatars/enshiro/5.png
fs.js:60
      throw err;  // Forgot a callback but don't know where? Use NODE_DEBUG=fs
      ^

Error: ENOENT: no such file or directory, open 'www/txat/scripts/Txat/addons/avatar/images/avatars/enshiro/6.png'
    at Error (native)
